DEPRECATION WARNING: PaperTrail.config.track_associations has not been set. As of PaperTrail 5, it defaults to false. Tracking associations is an experimental feature so we recommend setting PaperTrail.config.track_associations = false in your config/initializers/paper_trail.rb . (called from __pry__ at (pry):5)
DEPRECATION WARNING: PaperTrail.config.track_associations has not been set. As of PaperTrail 5, it defaults to false. Tracking associations is an experimental feature so we recommend setting PaperTrail.config.track_associations = false in your config/initializers/paper_trail.rb . (called from __pry__ at (pry):3)
  [1m[36m (10.3ms)[0m  [1mCREATE TABLE "schema_migrations" ("version" character varying NOT NULL) [0m
  [1m[35m (5.7ms)[0m  CREATE UNIQUE INDEX  "unique_schema_migrations" ON "schema_migrations"  ("version")
  [1m[36mActiveRecord::SchemaMigration Load (0.3ms)[0m  [1mSELECT "schema_migrations".* FROM "schema_migrations"[0m
Migrating to CreateVersions (20170622142833)
  [1m[35m (0.1ms)[0m  BEGIN
  [1m[36m (5.6ms)[0m  [1mCREATE TABLE "versions" ("id" serial primary key, "item_type" character varying NOT NULL, "item_id" integer NOT NULL, "event" character varying NOT NULL, "whodunnit" character varying, "object" text, "created_at" timestamp) [0m
  [1m[35m (2.2ms)[0m  CREATE  INDEX  "index_versions_on_item_type_and_item_id" ON "versions"  ("item_type", "item_id")
  [1m[36mSQL (0.3ms)[0m  [1mINSERT INTO "schema_migrations" ("version") VALUES ($1)[0m  [["version", "20170622142833"]]
  [1m[35m (1.2ms)[0m  COMMIT
  [1m[36mActiveRecord::SchemaMigration Load (0.2ms)[0m  [1mSELECT "schema_migrations".* FROM "schema_migrations"[0m
  [1m[35m (2.4ms)[0m  SELECT t2.oid::regclass::text AS to_table, a1.attname AS column, a2.attname AS primary_key, c.conname AS name, c.confupdtype AS on_update, c.confdeltype AS on_delete
FROM pg_constraint c
JOIN pg_class t1 ON c.conrelid = t1.oid
JOIN pg_class t2 ON c.confrelid = t2.oid
JOIN pg_attribute a1 ON a1.attnum = c.conkey[1] AND a1.attrelid = t1.oid
JOIN pg_attribute a2 ON a2.attnum = c.confkey[1] AND a2.attrelid = t2.oid
JOIN pg_namespace t3 ON c.connamespace = t3.oid
WHERE c.contype = 'f'
  AND t1.relname = 'versions'
  AND t3.nspname = ANY (current_schemas(false))
ORDER BY c.conname

